2026-06-12 10:55:11 [main] INFO  com.example.bsep.BsepApplication - Starting BsepApplication using Java 21.0.5 with PID 83796 (/Users/reljajocic/Documents/Fakultet/BSEP/projekat/ra-bsep-projekat-2026/backend/bsep/target/classes started by reljajocic in /Users/reljajocic/Documents/Fakultet/BSEP/projekat/ra-bsep-projekat-2026/backend/bsep)
2026-06-12 10:55:11 [main] INFO  com.example.bsep.BsepApplication - No active profile set, falling back to 1 default profile: "default"
2026-06-12 10:55:14 [main] WARN  org.hibernate.orm.deprecation - HHH90000025: PostgreSQLDialect does not need to be specified explicitly using 'hibernate.dialect' (remove the property setting and it will be selected by default)
2026-06-12 10:55:15 [main] WARN  o.h.t.s.i.ExceptionHandlerLoggedImpl - GenerationTarget encountered exception accepting command : Error executing DDL "
    alter table if exists users 
       add column must_change_password boolean not null" via JDBC [ERROR: column "must_change_password" of relation "users" contains null values]
org.hibernate.tool.schema.spi.CommandAcceptanceException: Error executing DDL "
    alter table if exists users 
       add column must_change_password boolean not null" via JDBC [ERROR: column "must_change_password" of relation "users" contains null values]
	at org.hibernate.tool.schema.internal.exec.GenerationTargetToDatabase.accept(GenerationTargetToDatabase.java:94)
	at org.hibernate.tool.schema.internal.AbstractSchemaMigrator.applySqlString(AbstractSchemaMigrator.java:576)
	at org.hibernate.tool.schema.internal.AbstractSchemaMigrator.applySqlStrings(AbstractSchemaMigrator.java:516)
	at org.hibernate.tool.schema.internal.AbstractSchemaMigrator.migrateTable(AbstractSchemaMigrator.java:334)
	at org.hibernate.tool.schema.internal.GroupedSchemaMigratorImpl.performTablesMigration(GroupedSchemaMigratorImpl.java:84)
	at org.hibernate.tool.schema.internal.AbstractSchemaMigrator.performMigration(AbstractSchemaMigrator.java:233)
	at org.hibernate.tool.schema.internal.AbstractSchemaMigrator.doMigration(AbstractSchemaMigrator.java:112)
	at org.hibernate.tool.schema.spi.SchemaManagementToolCoordinator.performDatabaseAction(SchemaManagementToolCoordinator.java:280)
	at org.hibernate.tool.schema.spi.SchemaManagementToolCoordinator.lambda$process$5(SchemaManagementToolCoordinator.java:144)
	at java.base/java.util.HashMap.forEach(HashMap.java:1429)
	at org.hibernate.tool.schema.spi.SchemaManagementToolCoordinator.process(SchemaManagementToolCoordinator.java:141)
	at org.hibernate.boot.internal.SessionFactoryObserverForSchemaExport.sessionFactoryCreated(SessionFactoryObserverForSchemaExport.java:37)
	at org.hibernate.internal.SessionFactoryObserverChain.sessionFactoryCreated(SessionFactoryObserverChain.java:35)
	at org.hibernate.internal.SessionFactoryImpl.<init>(SessionFactoryImpl.java:324)
	at org.hibernate.boot.internal.SessionFactoryBuilderImpl.build(SessionFactoryBuilderImpl.java:463)
	at org.hibernate.jpa.boot.internal.EntityManagerFactoryBuilderImpl.build(EntityManagerFactoryBuilderImpl.java:1517)
	at org.springframework.orm.jpa.vendor.SpringHibernateJpaPersistenceProvider.createContainerEntityManagerFactory(SpringHibernateJpaPersistenceProvider.java:66)
	at org.springframework.orm.jpa.LocalContainerEntityManagerFactoryBean.createNativeEntityManagerFactory(LocalContainerEntityManagerFactoryBean.java:388)
	at org.springframework.orm.jpa.AbstractEntityManagerFactoryBean.buildNativeEntityManagerFactory(AbstractEntityManagerFactoryBean.java:419)
	at org.springframework.orm.jpa.AbstractEntityManagerFactoryBean.afterPropertiesSet(AbstractEntityManagerFactoryBean.java:400)
	at org.springframework.orm.jpa.LocalContainerEntityManagerFactoryBean.afterPropertiesSet(LocalContainerEntityManagerFactoryBean.java:364)
	at org.springframework.beans.factory.support.AbstractAutowireCapableBeanFactory.invokeInitMethods(AbstractAutowireCapableBeanFactory.java:1873)
	at org.springframework.beans.factory.support.AbstractAutowireCapableBeanFactory.initializeBean(AbstractAutowireCapableBeanFactory.java:1822)
	at org.springframework.beans.factory.support.AbstractAutowireCapableBeanFactory.doCreateBean(AbstractAutowireCapableBeanFactory.java:607)
	at org.springframework.beans.factory.support.AbstractAutowireCapableBeanFactory.createBean(AbstractAutowireCapableBeanFactory.java:529)
	at org.springframework.beans.factory.support.AbstractBeanFactory.lambda$doGetBean$0(AbstractBeanFactory.java:339)
	at org.springframework.beans.factory.support.DefaultSingletonBeanRegistry.getSingleton(DefaultSingletonBeanRegistry.java:373)
	at org.springframework.beans.factory.support.AbstractBeanFactory.doGetBean(AbstractBeanFactory.java:337)
	at org.springframework.beans.factory.support.AbstractBeanFactory.getBean(AbstractBeanFactory.java:202)
	at org.springframework.beans.factory.support.BeanDefinitionValueResolver.resolveReference(BeanDefinitionValueResolver.java:365)
	at org.springframework.beans.factory.support.BeanDefinitionValueResolver.resolveValueIfNecessary(BeanDefinitionValueResolver.java:135)
	at org.springframework.beans.factory.support.ConstructorResolver.resolveConstructorArguments(ConstructorResolver.java:691)
	at org.springframework.beans.factory.support.ConstructorResolver.instantiateUsingFactoryMethod(ConstructorResolver.java:513)
	at org.springframework.beans.factory.support.AbstractAutowireCapableBeanFactory.instantiateUsingFactoryMethod(AbstractAutowireCapableBeanFactory.java:1375)
	at org.springframework.beans.factory.support.AbstractAutowireCapableBeanFactory.createBeanInstance(AbstractAutowireCapableBeanFactory.java:1205)
	at org.springframework.beans.factory.support.AbstractAutowireCapableBeanFactory.doCreateBean(AbstractAutowireCapableBeanFactory.java:569)
	at org.springframework.beans.factory.support.AbstractAutowireCapableBeanFactory.createBean(AbstractAutowireCapableBeanFactory.java:529)
	at org.springframework.beans.factory.support.AbstractBeanFactory.lambda$doGetBean$0(AbstractBeanFactory.java:339)
	at org.springframework.beans.factory.support.DefaultSingletonBeanRegistry.getSingleton(DefaultSingletonBeanRegistry.java:373)
	at org.springframework.beans.factory.support.AbstractBeanFactory.doGetBean(AbstractBeanFactory.java:337)
	at org.springframework.beans.factory.support.AbstractBeanFactory.getBean(AbstractBeanFactory.java:202)
	at org.springframework.beans.factory.support.BeanDefinitionValueResolver.resolveReference(BeanDefinitionValueResolver.java:365)
	at org.springframework.beans.factory.support.BeanDefinitionValueResolver.resolveValueIfNecessary(BeanDefinitionValueResolver.java:135)
	at org.springframework.beans.factory.support.AbstractAutowireCapableBeanFactory.applyPropertyValues(AbstractAutowireCapableBeanFactory.java:1725)
	at org.springframework.beans.factory.support.AbstractAutowireCapableBeanFactory.populateBean(AbstractAutowireCapableBeanFactory.java:1474)
	at org.springframework.beans.factory.support.AbstractAutowireCapableBeanFactory.doCreateBean(AbstractAutowireCapableBeanFactory.java:606)
	at org.springframework.beans.factory.support.AbstractAutowireCapableBeanFactory.createBean(AbstractAutowireCapableBeanFactory.java:529)
	at org.springframework.beans.factory.support.AbstractBeanFactory.lambda$doGetBean$0(AbstractBeanFactory.java:339)
	at org.springframework.beans.factory.support.DefaultSingletonBeanRegistry.getSingleton(DefaultSingletonBeanRegistry.java:373)
	at org.springframework.beans.factory.support.AbstractBeanFactory.doGetBean(AbstractBeanFactory.java:337)
	at org.springframework.beans.factory.support.AbstractBeanFactory.getBean(AbstractBeanFactory.java:202)
	at org.springframework.beans.factory.support.DefaultListableBeanFactory.doResolveDependency(DefaultListableBeanFactory.java:1708)
	at org.springframework.beans.factory.support.DefaultListableBeanFactory.resolveDependency(DefaultListableBeanFactory.java:1653)
	at org.springframework.beans.factory.support.ConstructorResolver.resolveAutowiredArgument(ConstructorResolver.java:913)
	at org.springframework.beans.factory.support.ConstructorResolver.createArgumentArray(ConstructorResolver.java:791)
	at org.springframework.beans.factory.support.ConstructorResolver.autowireConstructor(ConstructorResolver.java:240)
	at org.springframework.beans.factory.support.AbstractAutowireCapableBeanFactory.autowireConstructor(AbstractAutowireCapableBeanFactory.java:1395)
	at org.springframework.beans.factory.support.AbstractAutowireCapableBeanFactory.createBeanInstance(AbstractAutowireCapableBeanFactory.java:1232)
	at org.springframework.beans.factory.support.AbstractAutowireCapableBeanFactory.doCreateBean(AbstractAutowireCapableBeanFactory.java:569)
	at org.springframework.beans.factory.support.AbstractAutowireCapableBeanFactory.createBean(AbstractAutowireCapableBeanFactory.java:529)
	at org.springframework.beans.factory.support.AbstractBeanFactory.lambda$doGetBean$0(AbstractBeanFactory.java:339)
	at org.springframework.beans.factory.support.DefaultSingletonBeanRegistry.getSingleton(DefaultSingletonBeanRegistry.java:373)
	at org.springframework.beans.factory.support.AbstractBeanFactory.doGetBean(AbstractBeanFactory.java:337)
	at org.springframework.beans.factory.support.AbstractBeanFactory.getBean(AbstractBeanFactory.java:207)
	at org.springframework.boot.web.servlet.ServletContextInitializerBeans.getOrderedBeansOfType(ServletContextInitializerBeans.java:230)
	at org.springframework.boot.web.servlet.ServletContextInitializerBeans.addAsRegistrationBean(ServletContextInitializerBeans.java:184)
	at org.springframework.boot.web.servlet.ServletContextInitializerBeans.addAsRegistrationBean(ServletContextInitializerBeans.java:179)
	at org.springframework.boot.web.servlet.ServletContextInitializerBeans.addAdaptableBeans(ServletContextInitializerBeans.java:164)
	at org.springframework.boot.web.servlet.ServletContextInitializerBeans.<init>(ServletContextInitializerBeans.java:96)
	at org.springframework.boot.web.servlet.context.ServletWebServerApplicationContext.getServletContextInitializerBeans(ServletWebServerApplicationContext.java:271)
	at org.springframework.boot.web.servlet.context.ServletWebServerApplicationContext.selfInitialize(ServletWebServerApplicationContext.java:245)
	at org.springframework.boot.web.embedded.tomcat.TomcatStarter.onStartup(TomcatStarter.java:52)
	at org.apache.catalina.core.StandardContext.startInternal(StandardContext.java:4452)
	at org.apache.catalina.util.LifecycleBase.start(LifecycleBase.java:164)
	at org.apache.catalina.core.ContainerBase$StartChild.call(ContainerBase.java:1201)
	at org.apache.catalina.core.ContainerBase$StartChild.call(ContainerBase.java:1191)
	at java.base/java.util.concurrent.FutureTask.run(FutureTask.java:317)
	at org.apache.tomcat.util.threads.InlineExecutorService.execute(InlineExecutorService.java:81)
	at java.base/java.util.concurrent.AbstractExecutorService.submit(AbstractExecutorService.java:145)
	at org.apache.catalina.core.ContainerBase.startInternal(ContainerBase.java:747)
	at org.apache.catalina.core.StandardHost.startInternal(StandardHost.java:783)
	at org.apache.catalina.util.LifecycleBase.start(LifecycleBase.java:164)
	at org.apache.catalina.core.ContainerBase$StartChild.call(ContainerBase.java:1201)
	at org.apache.catalina.core.ContainerBase$StartChild.call(ContainerBase.java:1191)
	at java.base/java.util.concurrent.FutureTask.run(FutureTask.java:317)
	at org.apache.tomcat.util.threads.InlineExecutorService.execute(InlineExecutorService.java:81)
	at java.base/java.util.concurrent.AbstractExecutorService.submit(AbstractExecutorService.java:145)
	at org.apache.catalina.core.ContainerBase.startInternal(ContainerBase.java:747)
	at org.apache.catalina.core.StandardEngine.startInternal(StandardEngine.java:201)
	at org.apache.catalina.util.LifecycleBase.start(LifecycleBase.java:164)
	at org.apache.catalina.core.StandardService.startInternal(StandardService.java:410)
	at org.apache.catalina.util.LifecycleBase.start(LifecycleBase.java:164)
	at org.apache.catalina.core.StandardServer.startInternal(StandardServer.java:868)
	at org.apache.catalina.util.LifecycleBase.start(LifecycleBase.java:164)
	at org.apache.catalina.startup.Tomcat.start(Tomcat.java:436)
	at org.springframework.boot.web.embedded.tomcat.TomcatWebServer.initialize(TomcatWebServer.java:128)
	at org.springframework.boot.web.embedded.tomcat.TomcatWebServer.<init>(TomcatWebServer.java:107)
	at org.springframework.boot.web.embedded.tomcat.TomcatServletWebServerFactory.getTomcatWebServer(TomcatServletWebServerFactory.java:517)
	at org.springframework.boot.web.embedded.tomcat.TomcatServletWebServerFactory.getWebServer(TomcatServletWebServerFactory.java:219)
	at org.springframework.boot.web.servlet.context.ServletWebServerApplicationContext.createWebServer(ServletWebServerApplicationContext.java:193)
	at org.springframework.boot.web.servlet.context.ServletWebServerApplicationContext.onRefresh(ServletWebServerApplicationContext.java:167)
	at org.springframework.context.support.AbstractApplicationContext.refresh(AbstractApplicationContext.java:622)
	at org.springframework.boot.web.servlet.context.ServletWebServerApplicationContext.refresh(ServletWebServerApplicationContext.java:146)
	at org.springframework.boot.SpringApplication.refresh(SpringApplication.java:752)
	at org.springframework.boot.SpringApplication.refreshContext(SpringApplication.java:439)
	at org.springframework.boot.SpringApplication.run(SpringApplication.java:318)
	at org.springframework.boot.SpringApplication.run(SpringApplication.java:1361)
	at org.springframework.boot.SpringApplication.run(SpringApplication.java:1350)
	at com.example.bsep.BsepApplication.main(BsepApplication.java:10)
Caused by: org.postgresql.util.PSQLException: ERROR: column "must_change_password" of relation "users" contains null values
	at org.postgresql.core.v3.QueryExecutorImpl.receiveErrorResponse(QueryExecutorImpl.java:2875)
	at org.postgresql.core.v3.QueryExecutorImpl.processResults(QueryExecutorImpl.java:2560)
	at org.postgresql.core.v3.QueryExecutorImpl.execute(QueryExecutorImpl.java:429)
	at org.postgresql.jdbc.PgStatement.executeInternal(PgStatement.java:526)
	at org.postgresql.jdbc.PgStatement.execute(PgStatement.java:436)
	at org.postgresql.jdbc.PgStatement.executeWithFlags(PgStatement.java:358)
	at org.postgresql.jdbc.PgStatement.executeCachedSql(PgStatement.java:343)
	at org.postgresql.jdbc.PgStatement.executeWithFlags(PgStatement.java:319)
	at org.postgresql.jdbc.PgStatement.execute(PgStatement.java:314)
	at com.zaxxer.hikari.pool.ProxyStatement.execute(ProxyStatement.java:95)
	at com.zaxxer.hikari.pool.HikariProxyStatement.execute(HikariProxyStatement.java)
	at org.hibernate.tool.schema.internal.exec.GenerationTargetToDatabase.accept(GenerationTargetToDatabase.java:80)
	... 108 common frames omitted
2026-06-12 10:55:17 [main] WARN  o.s.b.a.o.j.JpaBaseConfiguration$JpaWebConfiguration - spring.jpa.open-in-view is enabled by default. Therefore, database queries may be performed during view rendering. Explicitly configure spring.jpa.open-in-view to disable this warning
2026-06-12 10:55:18 [main] INFO  com.example.bsep.BsepApplication - Started BsepApplication in 8.375 seconds (process running for 9.876)
2026-06-12 10:58:02 [main] INFO  com.example.bsep.BsepApplication - Starting BsepApplication using Java 21.0.5 with PID 83916 (/Users/reljajocic/Documents/Fakultet/BSEP/projekat/ra-bsep-projekat-2026/backend/bsep/target/classes started by reljajocic in /Users/reljajocic/Documents/Fakultet/BSEP/projekat/ra-bsep-projekat-2026/backend/bsep)
2026-06-12 10:58:02 [main] INFO  com.example.bsep.BsepApplication - No active profile set, falling back to 1 default profile: "default"
2026-06-12 10:58:05 [main] WARN  org.hibernate.orm.deprecation - HHH90000025: PostgreSQLDialect does not need to be specified explicitly using 'hibernate.dialect' (remove the property setting and it will be selected by default)
2026-06-12 10:58:09 [main] WARN  o.s.b.a.o.j.JpaBaseConfiguration$JpaWebConfiguration - spring.jpa.open-in-view is enabled by default. Therefore, database queries may be performed during view rendering. Explicitly configure spring.jpa.open-in-view to disable this warning
2026-06-12 10:58:12 [main] INFO  com.example.bsep.BsepApplication - Started BsepApplication in 11.204 seconds (process running for 12.384)
2026-06-12 16:44:10 [main] INFO  com.example.bsep.BsepApplication - Starting BsepApplication using Java 21.0.5 with PID 88749 (/Users/reljajocic/Documents/Fakultet/BSEP/projekat/ra-bsep-projekat-2026/backend/bsep/target/classes started by reljajocic in /Users/reljajocic/Documents/Fakultet/BSEP/projekat/ra-bsep-projekat-2026/backend/bsep)
2026-06-12 16:44:10 [main] INFO  com.example.bsep.BsepApplication - No active profile set, falling back to 1 default profile: "default"
2026-06-12 16:44:15 [main] WARN  org.hibernate.orm.deprecation - HHH90000025: PostgreSQLDialect does not need to be specified explicitly using 'hibernate.dialect' (remove the property setting and it will be selected by default)
2026-06-12 16:44:17 [main] WARN  o.s.b.a.o.j.JpaBaseConfiguration$JpaWebConfiguration - spring.jpa.open-in-view is enabled by default. Therefore, database queries may be performed during view rendering. Explicitly configure spring.jpa.open-in-view to disable this warning
2026-06-12 16:44:18 [main] INFO  com.example.bsep.BsepApplication - Started BsepApplication in 10.038 seconds (process running for 12.612)
2026-06-12 16:44:24 [main] INFO  com.example.bsep.BsepApplication - Starting BsepApplication using Java 21.0.5 with PID 88774 (/Users/reljajocic/Documents/Fakultet/BSEP/projekat/ra-bsep-projekat-2026/backend/bsep/target/classes started by reljajocic in /Users/reljajocic/Documents/Fakultet/BSEP/projekat/ra-bsep-projekat-2026/backend/bsep)
2026-06-12 16:44:24 [main] INFO  com.example.bsep.BsepApplication - No active profile set, falling back to 1 default profile: "default"
2026-06-12 16:44:27 [main] WARN  org.hibernate.orm.deprecation - HHH90000025: PostgreSQLDialect does not need to be specified explicitly using 'hibernate.dialect' (remove the property setting and it will be selected by default)
2026-06-12 16:44:29 [main] WARN  o.s.b.a.o.j.JpaBaseConfiguration$JpaWebConfiguration - spring.jpa.open-in-view is enabled by default. Therefore, database queries may be performed during view rendering. Explicitly configure spring.jpa.open-in-view to disable this warning
2026-06-12 16:44:30 [main] INFO  com.example.bsep.BsepApplication - Started BsepApplication in 6.902 seconds (process running for 7.991)
2026-06-12 16:45:57 [https-jsse-nio-8443-exec-9] INFO  c.e.bsep.service.KeyStoreService - KeyStore created: path=src/main/resources/keystores/cert_4e6c726a-883b-44ef-832b-ec6e7f7cea7c.p12, alias=cert_4e6c726a-883b-44ef-832b-ec6e7f7cea7c
2026-06-12 16:46:43 [https-jsse-nio-8443-exec-6] WARN  c.example.bsep.service.EmailService - SMTP nije konfigurisan - email za reljajocicv2@gmail.com se ne salje. Link: https://localhost:5173/login
2026-06-12 16:53:37 [main] INFO  com.example.bsep.BsepApplication - Starting BsepApplication using Java 21.0.5 with PID 88999 (/Users/reljajocic/Documents/Fakultet/BSEP/projekat/ra-bsep-projekat-2026/backend/bsep/target/classes started by reljajocic in /Users/reljajocic/Documents/Fakultet/BSEP/projekat/ra-bsep-projekat-2026/backend/bsep)
2026-06-12 16:53:37 [main] INFO  com.example.bsep.BsepApplication - No active profile set, falling back to 1 default profile: "default"
2026-06-12 16:53:39 [main] WARN  org.hibernate.orm.deprecation - HHH90000025: PostgreSQLDialect does not need to be specified explicitly using 'hibernate.dialect' (remove the property setting and it will be selected by default)
2026-06-12 16:53:42 [main] WARN  o.s.b.a.o.j.JpaBaseConfiguration$JpaWebConfiguration - spring.jpa.open-in-view is enabled by default. Therefore, database queries may be performed during view rendering. Explicitly configure spring.jpa.open-in-view to disable this warning
2026-06-12 16:53:42 [main] INFO  com.example.bsep.BsepApplication - Started BsepApplication in 6.769 seconds (process running for 7.962)
2026-06-12 16:54:16 [https-jsse-nio-8443-exec-4] WARN  c.example.bsep.service.EmailService - SMTP nije konfigurisan - email za natasaparoski474@gmail.com se NE salje (demo rezim).
--- SADRZAJ EMAILA ---
Subject: BSEP - kreiran CA nalog
Kreiran Vam je CA nalog na BSEP PKI sistemu.

Email: natasaparoski474@gmail.com
Privremena lozinka: Dd9%XTU&DeBNUiYa

Pri prvoj prijavi bićete obavezni da promenite lozinku.
Link: https://localhost:5173/login
--- KRAJ ---
2026-06-12 17:03:40 [https-jsse-nio-8443-exec-6] INFO  c.e.bsep.service.KeyStoreService - KeyStore created: path=src/main/resources/keystores/cert_c0366a10-3608-4971-9264-13e7d958c225.p12, alias=cert_c0366a10-3608-4971-9264-13e7d958c225
2026-06-12 17:05:19 [https-jsse-nio-8443-exec-7] INFO  c.e.bsep.service.KeyStoreService - KeyStore created: path=src/main/resources/keystores/cert_484615e1-4656-4589-8c56-2306b7d31747.p12, alias=cert_484615e1-4656-4589-8c56-2306b7d31747
2026-06-12 17:28:19 [main] INFO  com.example.bsep.BsepApplication - Starting BsepApplication using Java 21.0.5 with PID 89863 (/Users/reljajocic/Documents/Fakultet/BSEP/projekat/ra-bsep-projekat-2026/backend/bsep/target/classes started by reljajocic in /Users/reljajocic/Documents/Fakultet/BSEP/projekat/ra-bsep-projekat-2026/backend/bsep)
2026-06-12 17:28:19 [main] INFO  com.example.bsep.BsepApplication - No active profile set, falling back to 1 default profile: "default"
2026-06-12 17:28:22 [main] WARN  org.hibernate.orm.deprecation - HHH90000025: PostgreSQLDialect does not need to be specified explicitly using 'hibernate.dialect' (remove the property setting and it will be selected by default)
2026-06-12 17:28:25 [main] WARN  o.s.b.a.o.j.JpaBaseConfiguration$JpaWebConfiguration - spring.jpa.open-in-view is enabled by default. Therefore, database queries may be performed during view rendering. Explicitly configure spring.jpa.open-in-view to disable this warning
2026-06-12 17:28:26 [main] INFO  com.example.bsep.BsepApplication - Started BsepApplication in 7.598 seconds (process running for 8.838)
2026-06-12 17:34:40 [main] INFO  com.example.bsep.BsepApplication - Starting BsepApplication using Java 21.0.5 with PID 90313 (/Users/reljajocic/Documents/Fakultet/BSEP/projekat/ra-bsep-projekat-2026/backend/bsep/target/classes started by reljajocic in /Users/reljajocic/Documents/Fakultet/BSEP/projekat/ra-bsep-projekat-2026/backend/bsep)
2026-06-12 17:34:40 [main] INFO  com.example.bsep.BsepApplication - No active profile set, falling back to 1 default profile: "default"
2026-06-12 17:34:42 [main] WARN  org.hibernate.orm.deprecation - HHH90000025: PostgreSQLDialect does not need to be specified explicitly using 'hibernate.dialect' (remove the property setting and it will be selected by default)
2026-06-12 17:34:44 [main] WARN  o.s.b.a.o.j.JpaBaseConfiguration$JpaWebConfiguration - spring.jpa.open-in-view is enabled by default. Therefore, database queries may be performed during view rendering. Explicitly configure spring.jpa.open-in-view to disable this warning
2026-06-12 17:34:45 [main] INFO  com.example.bsep.BsepApplication - Started BsepApplication in 5.048 seconds (process running for 5.948)
2026-06-12 17:36:09 [https-jsse-nio-8443-exec-8] INFO  c.e.bsep.service.TemplateService - Šablon kreiran: id=1, naziv=Vivi Server, organizacija=Vivi Baby
2026-06-12 17:36:56 [https-jsse-nio-8443-exec-10] INFO  c.e.bsep.service.TemplateService - Šablon obrisan: id=1
2026-06-12 17:37:24 [https-jsse-nio-8443-exec-5] INFO  c.e.bsep.service.TemplateService - Šablon kreiran: id=2, naziv=Vivi serveri, organizacija=Vivi Baby
2026-06-12 17:45:28 [https-jsse-nio-8443-exec-7] INFO  c.e.bsep.service.KeyStoreService - KeyStore created: path=src/main/resources/keystores/cert_b1b0606e-f56f-4228-a32e-f9a894966497.p12, alias=cert_b1b0606e-f56f-4228-a32e-f9a894966497
