2026-06-09 18:27:49 [http-nio-8080-exec-2] INFO  c.example.bsep.service.AuthService - Login attempt: email=admin@bsep.com
2026-06-09 18:27:49 [http-nio-8080-exec-2] INFO  c.example.bsep.service.AuthService - Login successful: email=admin@bsep.com
2026-06-09 19:03:23 [http-nio-8080-exec-2] INFO  c.example.bsep.service.AuthService - Login attempt: email=admin@bsep.com
2026-06-09 19:03:24 [http-nio-8080-exec-2] INFO  c.example.bsep.service.AuthService - Login successful: email=admin@bsep.com
2026-06-09 22:21:15 [https-jsse-nio-8443-exec-3] INFO  c.example.bsep.service.AuthService - Login attempt: email=admin@bsep.com
2026-06-09 22:21:15 [https-jsse-nio-8443-exec-3] INFO  c.example.bsep.service.AuthService - Login successful: email=admin@bsep.com
2026-06-09 22:30:16 [https-jsse-nio-8443-exec-9] INFO  c.example.bsep.service.AuthService - Session revoked: jti=48a61726-0362-4f39-871c-9602693d4870, email=admin@bsep.com
2026-06-09 22:37:51 [https-jsse-nio-8443-exec-10] INFO  c.example.bsep.service.AuthService - Login attempt: email=admin@bsep.com
2026-06-09 22:37:51 [https-jsse-nio-8443-exec-10] INFO  c.example.bsep.service.AuthService - Login successful: email=admin@bsep.com
2026-06-10 14:51:41 [https-jsse-nio-8443-exec-10] INFO  c.example.bsep.service.AuthService - Login attempt: email=admin@bsep.com
2026-06-10 14:51:41 [https-jsse-nio-8443-exec-10] INFO  c.example.bsep.service.AuthService - 2FA required: email=admin@bsep.com
2026-06-10 14:51:51 [https-jsse-nio-8443-exec-2] INFO  c.example.bsep.service.AuthService - Login attempt: email=admin@bsep.com
2026-06-10 14:51:52 [https-jsse-nio-8443-exec-2] WARN  c.example.bsep.service.AuthService - Login failed - invalid 2FA code: email=admin@bsep.com
2026-06-10 14:51:57 [https-jsse-nio-8443-exec-5] INFO  c.example.bsep.service.AuthService - Login attempt: email=admin@bsep.com
2026-06-10 14:51:57 [https-jsse-nio-8443-exec-5] WARN  c.example.bsep.service.AuthService - Login failed - invalid 2FA code: email=admin@bsep.com
2026-06-10 14:52:07 [https-jsse-nio-8443-exec-7] INFO  c.example.bsep.service.AuthService - Login attempt: email=admin@bsep.com
2026-06-10 14:52:07 [https-jsse-nio-8443-exec-7] INFO  c.example.bsep.service.AuthService - Login successful: email=admin@bsep.com
2026-06-10 14:56:25 [https-jsse-nio-8443-exec-9] INFO  c.example.bsep.service.AuthService - Login attempt: email=admin@bsep.com
2026-06-10 14:56:25 [https-jsse-nio-8443-exec-9] INFO  c.example.bsep.service.AuthService - 2FA required: email=admin@bsep.com
2026-06-10 14:56:35 [https-jsse-nio-8443-exec-1] INFO  c.example.bsep.service.AuthService - Login attempt: email=admin@bsep.com
2026-06-10 14:56:36 [https-jsse-nio-8443-exec-1] INFO  c.example.bsep.service.AuthService - Login successful: email=admin@bsep.com
2026-06-10 14:57:11 [https-jsse-nio-8443-exec-8] INFO  c.e.bsep.service.CertificateService - Issuing certificate: type=ROOT, CN=My Test
2026-06-10 14:57:13 [https-jsse-nio-8443-exec-8] INFO  c.e.bsep.service.CertificateService - Certificate issued: id=5, serialNumber=866383324791860881698169595644052958624114490585, type=ROOT
