2026-06-09T13:43:54.732+02:00  INFO 40836 --- [bsep] [main] com.example.bsep.BsepApplication         : Starting BsepApplication using Java 21.0.5 with PID 40836 (/Users/reljajocic/Documents/Fakultet/BSEP/projekat/ra-bsep-projekat-2026/backend/bsep/target/classes started by reljajocic in /Users/reljajocic/Documents/Fakultet/BSEP/projekat/ra-bsep-projekat-2026/backend/bsep)
2026-06-09T13:43:54.735+02:00  INFO 40836 --- [bsep] [main] com.example.bsep.BsepApplication         : No active profile set, falling back to 1 default profile: "default"
2026-06-09T13:43:55.854+02:00  INFO 40836 --- [bsep] [main] .s.d.r.c.RepositoryConfigurationDelegate : Bootstrapping Spring Data JPA repositories in DEFAULT mode.
2026-06-09T13:43:55.969+02:00  INFO 40836 --- [bsep] [main] .s.d.r.c.RepositoryConfigurationDelegate : Finished Spring Data repository scanning in 93 ms. Found 4 JPA repository interfaces.
2026-06-09T13:43:56.560+02:00  INFO 40836 --- [bsep] [main] o.s.b.w.embedded.tomcat.TomcatWebServer  : Tomcat initialized with port 8080 (http)
2026-06-09T13:43:56.572+02:00  INFO 40836 --- [bsep] [main] o.apache.catalina.core.StandardService   : Starting service [Tomcat]
2026-06-09T13:43:56.573+02:00  INFO 40836 --- [bsep] [main] o.apache.catalina.core.StandardEngine    : Starting Servlet engine: [Apache Tomcat/10.1.54]
2026-06-09T13:43:56.619+02:00  INFO 40836 --- [bsep] [main] o.a.c.c.C.[Tomcat].[localhost].[/]       : Initializing Spring embedded WebApplicationContext
2026-06-09T13:43:56.619+02:00  INFO 40836 --- [bsep] [main] w.s.c.ServletWebServerApplicationContext : Root WebApplicationContext: initialization completed in 1787 ms
2026-06-09T13:43:56.791+02:00  INFO 40836 --- [bsep] [main] o.hibernate.jpa.internal.util.LogHelper  : HHH000204: Processing PersistenceUnitInfo [name: default]
2026-06-09T13:43:56.832+02:00  INFO 40836 --- [bsep] [main] org.hibernate.Version                    : HHH000412: Hibernate ORM core version 6.6.49.Final
2026-06-09T13:43:56.855+02:00  INFO 40836 --- [bsep] [main] o.h.c.internal.RegionFactoryInitiator    : HHH000026: Second-level cache disabled
2026-06-09T13:43:57.045+02:00  INFO 40836 --- [bsep] [main] o.s.o.j.p.SpringPersistenceUnitInfo      : No LoadTimeWeaver setup: ignoring JPA class transformer
2026-06-09T13:43:57.068+02:00  INFO 40836 --- [bsep] [main] com.zaxxer.hikari.HikariDataSource       : HikariPool-1 - Starting...
2026-06-09T13:43:57.236+02:00  INFO 40836 --- [bsep] [main] com.zaxxer.hikari.pool.HikariPool        : HikariPool-1 - Added connection org.postgresql.jdbc.PgConnection@70ee9d31
2026-06-09T13:43:57.239+02:00  INFO 40836 --- [bsep] [main] com.zaxxer.hikari.HikariDataSource       : HikariPool-1 - Start completed.
2026-06-09T13:43:57.269+02:00  WARN 40836 --- [bsep] [main] org.hibernate.orm.deprecation            : HHH90000025: PostgreSQLDialect does not need to be specified explicitly using 'hibernate.dialect' (remove the property setting and it will be selected by default)
2026-06-09T13:43:57.295+02:00  INFO 40836 --- [bsep] [main] org.hibernate.orm.connections.pooling    : HHH10001005: Database info:
	Database JDBC URL [Connecting through datasource 'HikariDataSource (HikariPool-1)']
	Database driver: undefined/unknown
	Database version: 18.4
	Autocommit mode: undefined/unknown
	Isolation level: undefined/unknown
	Minimum pool size: undefined/unknown
	Maximum pool size: undefined/unknown
2026-06-09T13:43:58.404+02:00  INFO 40836 --- [bsep] [main] o.h.e.t.j.p.i.JtaPlatformInitiator       : HHH000489: No JTA platform available (set 'hibernate.transaction.jta.platform' to enable JTA platform integration)
2026-06-09T13:43:58.503+02:00  WARN 40836 --- [bsep] [main] o.h.engine.jdbc.spi.SqlExceptionHelper   : SQL Warning Code: 0, SQLState: 00000
2026-06-09T13:43:58.504+02:00  WARN 40836 --- [bsep] [main] o.h.engine.jdbc.spi.SqlExceptionHelper   : constraint "ukfhimy9jsw510b0ga7b2wo2nw2" of relation "certificates" does not exist, skipping
2026-06-09T13:43:58.508+02:00  WARN 40836 --- [bsep] [main] o.h.engine.jdbc.spi.SqlExceptionHelper   : SQL Warning Code: 0, SQLState: 00000
2026-06-09T13:43:58.508+02:00  WARN 40836 --- [bsep] [main] o.h.engine.jdbc.spi.SqlExceptionHelper   : constraint "uk3ea6jr0n3ssvlderoec6k9i3j" of relation "session_tokens" does not exist, skipping
2026-06-09T13:43:58.510+02:00  WARN 40836 --- [bsep] [main] o.h.engine.jdbc.spi.SqlExceptionHelper   : SQL Warning Code: 0, SQLState: 00000
2026-06-09T13:43:58.510+02:00  WARN 40836 --- [bsep] [main] o.h.engine.jdbc.spi.SqlExceptionHelper   : constraint "uk6dotkott2kjsp8vw4d0m25fb7" of relation "users" does not exist, skipping
2026-06-09T13:43:58.517+02:00  INFO 40836 --- [bsep] [main] j.LocalContainerEntityManagerFactoryBean : Initialized JPA EntityManagerFactory for persistence unit 'default'
2026-06-09T13:43:59.235+02:00  INFO 40836 --- [bsep] [main] com.example.bsep.service.AuthService     : Initial admin created: admin@bsep.com
2026-06-09T13:43:59.693+02:00  WARN 40836 --- [bsep] [main] JpaBaseConfiguration$JpaWebConfiguration : spring.jpa.open-in-view is enabled by default. Therefore, database queries may be performed during view rendering. Explicitly configure spring.jpa.open-in-view to disable this warning
2026-06-09T13:43:59.890+02:00  WARN 40836 --- [bsep] [main] .s.s.UserDetailsServiceAutoConfiguration : 

Using generated security password: eedde064-9fec-441e-a225-18c3c802eb8e

This generated password is for development use only. Your security configuration must be updated before running your application in production.

2026-06-09T13:43:59.895+02:00  INFO 40836 --- [bsep] [main] r$InitializeUserDetailsManagerConfigurer : Global AuthenticationManager configured with UserDetailsService bean with name inMemoryUserDetailsManager
2026-06-09T13:44:00.252+02:00  INFO 40836 --- [bsep] [main] o.s.b.w.embedded.tomcat.TomcatWebServer  : Tomcat started on port 8080 (http) with context path '/'
2026-06-09T13:44:00.261+02:00  INFO 40836 --- [bsep] [main] com.example.bsep.BsepApplication         : Started BsepApplication in 6.474 seconds (process running for 7.959)
